--------------- Clean Started: 09/19/2018 10:03:36 Project: Design01, Configuration: ARM GCC 5.4-2016-q2-update Debug ---------------
Deleting file ".\CortexM0\ARM_GCC_541\Debug\main.o"
Deleting file ".\CortexM0\ARM_GCC_541\Debug\cyfitter_cfg.o"
Deleting file ".\CortexM0\ARM_GCC_541\Debug\cymetadata.o"
Deleting file ".\CortexM0\ARM_GCC_541\Debug\PWM_1.o"
Deleting file ".\CortexM0\ARM_GCC_541\Debug\PWM_1_PM.o"
Deleting file ".\CortexM0\ARM_GCC_541\Debug\PWM_2.o"
Deleting file ".\CortexM0\ARM_GCC_541\Debug\PWM_2_PM.o"
Deleting file ".\CortexM0\ARM_GCC_541\Debug\PWM_3.o"
Deleting file ".\CortexM0\ARM_GCC_541\Debug\PWM_3_PM.o"
Deleting file ".\CortexM0\ARM_GCC_541\Debug\PWM_4.o"
Deleting file ".\CortexM0\ARM_GCC_541\Debug\PWM_4_PM.o"
Deleting file ".\CortexM0\ARM_GCC_541\Debug\Clock_1.o"
Deleting file ".\CortexM0\ARM_GCC_541\Debug\PWM_Timer_Pulse.o"
Deleting file ".\CortexM0\ARM_GCC_541\Debug\PWM_Timer_Pulse_PM.o"
Deleting file ".\CortexM0\ARM_GCC_541\Debug\PWM_Timer.o"
Deleting file ".\CortexM0\ARM_GCC_541\Debug\PWM_Timer_PM.o"
Deleting file ".\CortexM0\ARM_GCC_541\Debug\Clock_2.o"
Deleting file ".\CortexM0\ARM_GCC_541\Debug\PWM_Timer_Int.o"
Deleting file ".\CortexM0\ARM_GCC_541\Debug\PinSelect.o"
Deleting file ".\CortexM0\ARM_GCC_541\Debug\PinSelect_PM.o"
Deleting file ".\CortexM0\ARM_GCC_541\Debug\Cm0Start.o"
Deleting file ".\CortexM0\ARM_GCC_541\Debug\CyFlash.o"
Deleting file ".\CortexM0\ARM_GCC_541\Debug\CyLib.o"
Deleting file ".\CortexM0\ARM_GCC_541\Debug\cyPm.o"
Deleting file ".\CortexM0\ARM_GCC_541\Debug\cyutils.o"
Deleting file ".\CortexM0\ARM_GCC_541\Debug\CyBootAsmGnu.o"
Deleting file ".\CortexM0\ARM_GCC_541\Debug\CyLFClk.o"
Deleting file ".\CortexM0\ARM_GCC_541\Debug\cy_em_eeprom.o"
Deleting file ".\CortexM0\ARM_GCC_541\Debug\PWM_5.o"
Deleting file ".\CortexM0\ARM_GCC_541\Debug\PWM_5_PM.o"
Deleting file ".\CortexM0\ARM_GCC_541\Debug\Clock_3.o"
Deleting file ".\CortexM0\ARM_GCC_541\Debug\Design01.hex"
Deleting file ".\CortexM0\ARM_GCC_541\Debug\Design01.elf"
Deleting file ".\CortexM0\ARM_GCC_541\Debug\Design01.map"
Deleting file ".\Design01.cycdx"
Deleting file ".\Design01.svd"
Deleting file ".\Design01.rpt"
Deleting file ".\Design01_timing.html"
Deleting file ".\CortexM0\ARM_GCC_541\Debug\.deps\SOURCE_C__ARM_GCC_GENERIC.P"
Deleting file ".\CortexM0\ARM_GCC_541\Debug\.deps\SOURCE_ASM__ARM_GCC_GENERIC.P"
--------------- Clean Succeeded: 09/19/2018 10:03:36 ---------------
