ARM GAS  C:\Temp\ccjPgQ3i.s 			page 1


   1              		.syntax unified
   2              		.cpu cortex-m0
   3              		.fpu softvfp
   4              		.eabi_attribute 20, 1
   5              		.eabi_attribute 21, 1
   6              		.eabi_attribute 23, 3
   7              		.eabi_attribute 24, 1
   8              		.eabi_attribute 25, 1
   9              		.eabi_attribute 26, 1
  10              		.eabi_attribute 30, 1
  11              		.eabi_attribute 34, 0
  12              		.eabi_attribute 18, 4
  13              		.thumb
  14              		.syntax unified
  15              		.file	"I_REALLY_DONT_CARE_I_JUST_WANT_TO_GIVE_THIS_COMPONENT_THE_LONGEST_NAME_I_CAN_PM.c"
  16              		.text
  17              	.Ltext0:
  18              		.cfi_sections	.debug_frame
  19              		.section	.text.I_REALLY_DONT_CARE_I_JUST_WANT_TO_GIVE_THIS_COMPONENT_THE_LONGEST_NAME_I_CAN_SaveCo
  20              		.align	2
  21              		.global	I_REALLY_DONT_CARE_I_JUST_WANT_TO_GIVE_THIS_COMPONENT_THE_LONGEST_NAME_I_CAN_SaveConfig
  22              		.code	16
  23              		.thumb_func
  24              		.type	I_REALLY_DONT_CARE_I_JUST_WANT_TO_GIVE_THIS_COMPONENT_THE_LONGEST_NAME_I_CAN_SaveConfig, %fu
  25              	I_REALLY_DONT_CARE_I_JUST_WANT_TO_GIVE_THIS_COMPONENT_THE_LONGEST_NAME_I_CAN_SaveConfig:
  26              	.LFB0:
  27              		.file 1 "Generated_Source\\PSoC4\\I_REALLY_DONT_CARE_I_JUST_WANT_TO_GIVE_THIS_COMPONENT_THE_LONGES
   1:Generated_Source\PSoC4/I_REALLY_DONT_CARE_I_JUST_WANT_TO_GIVE_THIS_COMPONENT_THE_LONGEST_NAME_I_CAN_PM.c **** /*******************************************************************************
   2:Generated_Source\PSoC4/I_REALLY_DONT_CARE_I_JUST_WANT_TO_GIVE_THIS_COMPONENT_THE_LONGEST_NAME_I_CAN_PM.c **** * File Name: I_REALLY_DONT_CARE_I_JUST_WANT_TO_GIVE_THIS_COMPONENT_THE_LONGEST_NAME_I_CAN_PM.c
   3:Generated_Source\PSoC4/I_REALLY_DONT_CARE_I_JUST_WANT_TO_GIVE_THIS_COMPONENT_THE_LONGEST_NAME_I_CAN_PM.c **** * Version 2.80
   4:Generated_Source\PSoC4/I_REALLY_DONT_CARE_I_JUST_WANT_TO_GIVE_THIS_COMPONENT_THE_LONGEST_NAME_I_CAN_PM.c **** *
   5:Generated_Source\PSoC4/I_REALLY_DONT_CARE_I_JUST_WANT_TO_GIVE_THIS_COMPONENT_THE_LONGEST_NAME_I_CAN_PM.c **** *  Description:
   6:Generated_Source\PSoC4/I_REALLY_DONT_CARE_I_JUST_WANT_TO_GIVE_THIS_COMPONENT_THE_LONGEST_NAME_I_CAN_PM.c **** *     This file provides the power management source code to API for the
   7:Generated_Source\PSoC4/I_REALLY_DONT_CARE_I_JUST_WANT_TO_GIVE_THIS_COMPONENT_THE_LONGEST_NAME_I_CAN_PM.c **** *     Timer.
   8:Generated_Source\PSoC4/I_REALLY_DONT_CARE_I_JUST_WANT_TO_GIVE_THIS_COMPONENT_THE_LONGEST_NAME_I_CAN_PM.c **** *
   9:Generated_Source\PSoC4/I_REALLY_DONT_CARE_I_JUST_WANT_TO_GIVE_THIS_COMPONENT_THE_LONGEST_NAME_I_CAN_PM.c **** *   Note:
  10:Generated_Source\PSoC4/I_REALLY_DONT_CARE_I_JUST_WANT_TO_GIVE_THIS_COMPONENT_THE_LONGEST_NAME_I_CAN_PM.c **** *     None
  11:Generated_Source\PSoC4/I_REALLY_DONT_CARE_I_JUST_WANT_TO_GIVE_THIS_COMPONENT_THE_LONGEST_NAME_I_CAN_PM.c **** *
  12:Generated_Source\PSoC4/I_REALLY_DONT_CARE_I_JUST_WANT_TO_GIVE_THIS_COMPONENT_THE_LONGEST_NAME_I_CAN_PM.c **** *******************************************************************************
  13:Generated_Source\PSoC4/I_REALLY_DONT_CARE_I_JUST_WANT_TO_GIVE_THIS_COMPONENT_THE_LONGEST_NAME_I_CAN_PM.c **** * Copyright 2008-2017, Cypress Semiconductor Corporation.  All rights reserved.
  14:Generated_Source\PSoC4/I_REALLY_DONT_CARE_I_JUST_WANT_TO_GIVE_THIS_COMPONENT_THE_LONGEST_NAME_I_CAN_PM.c **** * You may use this file only in accordance with the license, terms, conditions,
  15:Generated_Source\PSoC4/I_REALLY_DONT_CARE_I_JUST_WANT_TO_GIVE_THIS_COMPONENT_THE_LONGEST_NAME_I_CAN_PM.c **** * disclaimers, and limitations in the end user license agreement accompanying
  16:Generated_Source\PSoC4/I_REALLY_DONT_CARE_I_JUST_WANT_TO_GIVE_THIS_COMPONENT_THE_LONGEST_NAME_I_CAN_PM.c **** * the software package with which this file was provided.
  17:Generated_Source\PSoC4/I_REALLY_DONT_CARE_I_JUST_WANT_TO_GIVE_THIS_COMPONENT_THE_LONGEST_NAME_I_CAN_PM.c **** ********************************************************************************/
  18:Generated_Source\PSoC4/I_REALLY_DONT_CARE_I_JUST_WANT_TO_GIVE_THIS_COMPONENT_THE_LONGEST_NAME_I_CAN_PM.c **** 
  19:Generated_Source\PSoC4/I_REALLY_DONT_CARE_I_JUST_WANT_TO_GIVE_THIS_COMPONENT_THE_LONGEST_NAME_I_CAN_PM.c **** #include "I_REALLY_DONT_CARE_I_JUST_WANT_TO_GIVE_THIS_COMPONENT_THE_LONGEST_NAME_I_CAN.h"
  20:Generated_Source\PSoC4/I_REALLY_DONT_CARE_I_JUST_WANT_TO_GIVE_THIS_COMPONENT_THE_LONGEST_NAME_I_CAN_PM.c **** 
  21:Generated_Source\PSoC4/I_REALLY_DONT_CARE_I_JUST_WANT_TO_GIVE_THIS_COMPONENT_THE_LONGEST_NAME_I_CAN_PM.c **** static I_REALLY_DONT_CARE_I_JUST_WANT_TO_GIVE_THIS_COMPONENT_THE_LONGEST_NAME_I_CAN_backupStruct I_
  22:Generated_Source\PSoC4/I_REALLY_DONT_CARE_I_JUST_WANT_TO_GIVE_THIS_COMPONENT_THE_LONGEST_NAME_I_CAN_PM.c **** 
  23:Generated_Source\PSoC4/I_REALLY_DONT_CARE_I_JUST_WANT_TO_GIVE_THIS_COMPONENT_THE_LONGEST_NAME_I_CAN_PM.c **** 
  24:Generated_Source\PSoC4/I_REALLY_DONT_CARE_I_JUST_WANT_TO_GIVE_THIS_COMPONENT_THE_LONGEST_NAME_I_CAN_PM.c **** /*******************************************************************************
  25:Generated_Source\PSoC4/I_REALLY_DONT_CARE_I_JUST_WANT_TO_GIVE_THIS_COMPONENT_THE_LONGEST_NAME_I_CAN_PM.c **** * Function Name: I_REALLY_DONT_CARE_I_JUST_WANT_TO_GIVE_THIS_COMPONENT_THE_LONGEST_NAME_I_CAN_SaveC
  26:Generated_Source\PSoC4/I_REALLY_DONT_CARE_I_JUST_WANT_TO_GIVE_THIS_COMPONENT_THE_LONGEST_NAME_I_CAN_PM.c **** ********************************************************************************
  27:Generated_Source\PSoC4/I_REALLY_DONT_CARE_I_JUST_WANT_TO_GIVE_THIS_COMPONENT_THE_LONGEST_NAME_I_CAN_PM.c **** *
  28:Generated_Source\PSoC4/I_REALLY_DONT_CARE_I_JUST_WANT_TO_GIVE_THIS_COMPONENT_THE_LONGEST_NAME_I_CAN_PM.c **** * Summary:
  29:Generated_Source\PSoC4/I_REALLY_DONT_CARE_I_JUST_WANT_TO_GIVE_THIS_COMPONENT_THE_LONGEST_NAME_I_CAN_PM.c **** *     Save the current user configuration
  30:Generated_Source\PSoC4/I_REALLY_DONT_CARE_I_JUST_WANT_TO_GIVE_THIS_COMPONENT_THE_LONGEST_NAME_I_CAN_PM.c **** *
ARM GAS  C:\Temp\ccjPgQ3i.s 			page 2


  31:Generated_Source\PSoC4/I_REALLY_DONT_CARE_I_JUST_WANT_TO_GIVE_THIS_COMPONENT_THE_LONGEST_NAME_I_CAN_PM.c **** * Parameters:
  32:Generated_Source\PSoC4/I_REALLY_DONT_CARE_I_JUST_WANT_TO_GIVE_THIS_COMPONENT_THE_LONGEST_NAME_I_CAN_PM.c **** *  void
  33:Generated_Source\PSoC4/I_REALLY_DONT_CARE_I_JUST_WANT_TO_GIVE_THIS_COMPONENT_THE_LONGEST_NAME_I_CAN_PM.c **** *
  34:Generated_Source\PSoC4/I_REALLY_DONT_CARE_I_JUST_WANT_TO_GIVE_THIS_COMPONENT_THE_LONGEST_NAME_I_CAN_PM.c **** * Return:
  35:Generated_Source\PSoC4/I_REALLY_DONT_CARE_I_JUST_WANT_TO_GIVE_THIS_COMPONENT_THE_LONGEST_NAME_I_CAN_PM.c **** *  void
  36:Generated_Source\PSoC4/I_REALLY_DONT_CARE_I_JUST_WANT_TO_GIVE_THIS_COMPONENT_THE_LONGEST_NAME_I_CAN_PM.c **** *
  37:Generated_Source\PSoC4/I_REALLY_DONT_CARE_I_JUST_WANT_TO_GIVE_THIS_COMPONENT_THE_LONGEST_NAME_I_CAN_PM.c **** * Global variables:
  38:Generated_Source\PSoC4/I_REALLY_DONT_CARE_I_JUST_WANT_TO_GIVE_THIS_COMPONENT_THE_LONGEST_NAME_I_CAN_PM.c **** *  I_REALLY_DONT_CARE_I_JUST_WANT_TO_GIVE_THIS_COMPONENT_THE_LONGEST_NAME_I_CAN_backup:  Variables 
  39:Generated_Source\PSoC4/I_REALLY_DONT_CARE_I_JUST_WANT_TO_GIVE_THIS_COMPONENT_THE_LONGEST_NAME_I_CAN_PM.c **** *  store the values of non retention configuration registers when Sleep() API is
  40:Generated_Source\PSoC4/I_REALLY_DONT_CARE_I_JUST_WANT_TO_GIVE_THIS_COMPONENT_THE_LONGEST_NAME_I_CAN_PM.c **** *  called.
  41:Generated_Source\PSoC4/I_REALLY_DONT_CARE_I_JUST_WANT_TO_GIVE_THIS_COMPONENT_THE_LONGEST_NAME_I_CAN_PM.c **** *
  42:Generated_Source\PSoC4/I_REALLY_DONT_CARE_I_JUST_WANT_TO_GIVE_THIS_COMPONENT_THE_LONGEST_NAME_I_CAN_PM.c **** *******************************************************************************/
  43:Generated_Source\PSoC4/I_REALLY_DONT_CARE_I_JUST_WANT_TO_GIVE_THIS_COMPONENT_THE_LONGEST_NAME_I_CAN_PM.c **** void I_REALLY_DONT_CARE_I_JUST_WANT_TO_GIVE_THIS_COMPONENT_THE_LONGEST_NAME_I_CAN_SaveConfig(void) 
  44:Generated_Source\PSoC4/I_REALLY_DONT_CARE_I_JUST_WANT_TO_GIVE_THIS_COMPONENT_THE_LONGEST_NAME_I_CAN_PM.c **** {
  28              		.loc 1 44 0
  29              		.cfi_startproc
  30              		@ args = 0, pretend = 0, frame = 0
  31              		@ frame_needed = 0, uses_anonymous_args = 0
  32 0000 10B5     		push	{r4, lr}
  33              		.cfi_def_cfa_offset 8
  34              		.cfi_offset 4, -8
  35              		.cfi_offset 14, -4
  45:Generated_Source\PSoC4/I_REALLY_DONT_CARE_I_JUST_WANT_TO_GIVE_THIS_COMPONENT_THE_LONGEST_NAME_I_CAN_PM.c ****     #if (!I_REALLY_DONT_CARE_I_JUST_WANT_TO_GIVE_THIS_COMPONENT_THE_LONGEST_NAME_I_CAN_UsingFixedFu
  46:Generated_Source\PSoC4/I_REALLY_DONT_CARE_I_JUST_WANT_TO_GIVE_THIS_COMPONENT_THE_LONGEST_NAME_I_CAN_PM.c ****         I_REALLY_DONT_CARE_I_JUST_WANT_TO_GIVE_THIS_COMPONENT_THE_LONGEST_NAME_I_CAN_backup.TimerUd
  36              		.loc 1 46 0
  37 0002 FFF7FEFF 		bl	I_REALLY_DONT_CARE_I_JUST_WANT_TO_GIVE_THIS_COMPONENT_THE_LONGEST_NAME_I_CAN_ReadCounter
  38              	.LVL0:
  39 0006 034B     		ldr	r3, .L2
  40 0008 5870     		strb	r0, [r3, #1]
  47:Generated_Source\PSoC4/I_REALLY_DONT_CARE_I_JUST_WANT_TO_GIVE_THIS_COMPONENT_THE_LONGEST_NAME_I_CAN_PM.c ****         I_REALLY_DONT_CARE_I_JUST_WANT_TO_GIVE_THIS_COMPONENT_THE_LONGEST_NAME_I_CAN_backup.Interru
  41              		.loc 1 47 0
  42 000a 034A     		ldr	r2, .L2+4
  43 000c 1278     		ldrb	r2, [r2]
  44 000e 9A70     		strb	r2, [r3, #2]
  48:Generated_Source\PSoC4/I_REALLY_DONT_CARE_I_JUST_WANT_TO_GIVE_THIS_COMPONENT_THE_LONGEST_NAME_I_CAN_PM.c ****         #if (I_REALLY_DONT_CARE_I_JUST_WANT_TO_GIVE_THIS_COMPONENT_THE_LONGEST_NAME_I_CAN_UsingHWCa
  49:Generated_Source\PSoC4/I_REALLY_DONT_CARE_I_JUST_WANT_TO_GIVE_THIS_COMPONENT_THE_LONGEST_NAME_I_CAN_PM.c ****             I_REALLY_DONT_CARE_I_JUST_WANT_TO_GIVE_THIS_COMPONENT_THE_LONGEST_NAME_I_CAN_backup.Tim
  50:Generated_Source\PSoC4/I_REALLY_DONT_CARE_I_JUST_WANT_TO_GIVE_THIS_COMPONENT_THE_LONGEST_NAME_I_CAN_PM.c ****         #endif /* Back Up capture counter register  */
  51:Generated_Source\PSoC4/I_REALLY_DONT_CARE_I_JUST_WANT_TO_GIVE_THIS_COMPONENT_THE_LONGEST_NAME_I_CAN_PM.c **** 
  52:Generated_Source\PSoC4/I_REALLY_DONT_CARE_I_JUST_WANT_TO_GIVE_THIS_COMPONENT_THE_LONGEST_NAME_I_CAN_PM.c ****         #if(!I_REALLY_DONT_CARE_I_JUST_WANT_TO_GIVE_THIS_COMPONENT_THE_LONGEST_NAME_I_CAN_UDB_CONTR
  53:Generated_Source\PSoC4/I_REALLY_DONT_CARE_I_JUST_WANT_TO_GIVE_THIS_COMPONENT_THE_LONGEST_NAME_I_CAN_PM.c ****             I_REALLY_DONT_CARE_I_JUST_WANT_TO_GIVE_THIS_COMPONENT_THE_LONGEST_NAME_I_CAN_backup.Tim
  54:Generated_Source\PSoC4/I_REALLY_DONT_CARE_I_JUST_WANT_TO_GIVE_THIS_COMPONENT_THE_LONGEST_NAME_I_CAN_PM.c ****         #endif /* Backup the enable state of the Timer component */
  55:Generated_Source\PSoC4/I_REALLY_DONT_CARE_I_JUST_WANT_TO_GIVE_THIS_COMPONENT_THE_LONGEST_NAME_I_CAN_PM.c ****     #endif /* Backup non retention registers in UDB implementation. All fixed function registers ar
  56:Generated_Source\PSoC4/I_REALLY_DONT_CARE_I_JUST_WANT_TO_GIVE_THIS_COMPONENT_THE_LONGEST_NAME_I_CAN_PM.c **** }
  45              		.loc 1 56 0
  46              		@ sp needed
  47 0010 10BD     		pop	{r4, pc}
  48              	.L3:
  49 0012 C046     		.align	2
  50              	.L2:
  51 0014 00000000 		.word	.LANCHOR0
  52 0018 83000F40 		.word	1074724995
  53              		.cfi_endproc
  54              	.LFE0:
  55              		.size	I_REALLY_DONT_CARE_I_JUST_WANT_TO_GIVE_THIS_COMPONENT_THE_LONGEST_NAME_I_CAN_SaveConfig, .-I
  56              		.section	.text.I_REALLY_DONT_CARE_I_JUST_WANT_TO_GIVE_THIS_COMPONENT_THE_LONGEST_NAME_I_CAN_Restor
  57              		.align	2
  58              		.global	I_REALLY_DONT_CARE_I_JUST_WANT_TO_GIVE_THIS_COMPONENT_THE_LONGEST_NAME_I_CAN_RestoreConfig
ARM GAS  C:\Temp\ccjPgQ3i.s 			page 3


  59              		.code	16
  60              		.thumb_func
  61              		.type	I_REALLY_DONT_CARE_I_JUST_WANT_TO_GIVE_THIS_COMPONENT_THE_LONGEST_NAME_I_CAN_RestoreConfig, 
  62              	I_REALLY_DONT_CARE_I_JUST_WANT_TO_GIVE_THIS_COMPONENT_THE_LONGEST_NAME_I_CAN_RestoreConfig:
  63              	.LFB1:
  57:Generated_Source\PSoC4/I_REALLY_DONT_CARE_I_JUST_WANT_TO_GIVE_THIS_COMPONENT_THE_LONGEST_NAME_I_CAN_PM.c **** 
  58:Generated_Source\PSoC4/I_REALLY_DONT_CARE_I_JUST_WANT_TO_GIVE_THIS_COMPONENT_THE_LONGEST_NAME_I_CAN_PM.c **** 
  59:Generated_Source\PSoC4/I_REALLY_DONT_CARE_I_JUST_WANT_TO_GIVE_THIS_COMPONENT_THE_LONGEST_NAME_I_CAN_PM.c **** /*******************************************************************************
  60:Generated_Source\PSoC4/I_REALLY_DONT_CARE_I_JUST_WANT_TO_GIVE_THIS_COMPONENT_THE_LONGEST_NAME_I_CAN_PM.c **** * Function Name: I_REALLY_DONT_CARE_I_JUST_WANT_TO_GIVE_THIS_COMPONENT_THE_LONGEST_NAME_I_CAN_Resto
  61:Generated_Source\PSoC4/I_REALLY_DONT_CARE_I_JUST_WANT_TO_GIVE_THIS_COMPONENT_THE_LONGEST_NAME_I_CAN_PM.c **** ********************************************************************************
  62:Generated_Source\PSoC4/I_REALLY_DONT_CARE_I_JUST_WANT_TO_GIVE_THIS_COMPONENT_THE_LONGEST_NAME_I_CAN_PM.c **** *
  63:Generated_Source\PSoC4/I_REALLY_DONT_CARE_I_JUST_WANT_TO_GIVE_THIS_COMPONENT_THE_LONGEST_NAME_I_CAN_PM.c **** * Summary:
  64:Generated_Source\PSoC4/I_REALLY_DONT_CARE_I_JUST_WANT_TO_GIVE_THIS_COMPONENT_THE_LONGEST_NAME_I_CAN_PM.c **** *  Restores the current user configuration.
  65:Generated_Source\PSoC4/I_REALLY_DONT_CARE_I_JUST_WANT_TO_GIVE_THIS_COMPONENT_THE_LONGEST_NAME_I_CAN_PM.c **** *
  66:Generated_Source\PSoC4/I_REALLY_DONT_CARE_I_JUST_WANT_TO_GIVE_THIS_COMPONENT_THE_LONGEST_NAME_I_CAN_PM.c **** * Parameters:
  67:Generated_Source\PSoC4/I_REALLY_DONT_CARE_I_JUST_WANT_TO_GIVE_THIS_COMPONENT_THE_LONGEST_NAME_I_CAN_PM.c **** *  void
  68:Generated_Source\PSoC4/I_REALLY_DONT_CARE_I_JUST_WANT_TO_GIVE_THIS_COMPONENT_THE_LONGEST_NAME_I_CAN_PM.c **** *
  69:Generated_Source\PSoC4/I_REALLY_DONT_CARE_I_JUST_WANT_TO_GIVE_THIS_COMPONENT_THE_LONGEST_NAME_I_CAN_PM.c **** * Return:
  70:Generated_Source\PSoC4/I_REALLY_DONT_CARE_I_JUST_WANT_TO_GIVE_THIS_COMPONENT_THE_LONGEST_NAME_I_CAN_PM.c **** *  void
  71:Generated_Source\PSoC4/I_REALLY_DONT_CARE_I_JUST_WANT_TO_GIVE_THIS_COMPONENT_THE_LONGEST_NAME_I_CAN_PM.c **** *
  72:Generated_Source\PSoC4/I_REALLY_DONT_CARE_I_JUST_WANT_TO_GIVE_THIS_COMPONENT_THE_LONGEST_NAME_I_CAN_PM.c **** * Global variables:
  73:Generated_Source\PSoC4/I_REALLY_DONT_CARE_I_JUST_WANT_TO_GIVE_THIS_COMPONENT_THE_LONGEST_NAME_I_CAN_PM.c **** *  I_REALLY_DONT_CARE_I_JUST_WANT_TO_GIVE_THIS_COMPONENT_THE_LONGEST_NAME_I_CAN_backup:  Variables 
  74:Generated_Source\PSoC4/I_REALLY_DONT_CARE_I_JUST_WANT_TO_GIVE_THIS_COMPONENT_THE_LONGEST_NAME_I_CAN_PM.c **** *  restore the values of non retention registers on wakeup from sleep mode.
  75:Generated_Source\PSoC4/I_REALLY_DONT_CARE_I_JUST_WANT_TO_GIVE_THIS_COMPONENT_THE_LONGEST_NAME_I_CAN_PM.c **** *
  76:Generated_Source\PSoC4/I_REALLY_DONT_CARE_I_JUST_WANT_TO_GIVE_THIS_COMPONENT_THE_LONGEST_NAME_I_CAN_PM.c **** *******************************************************************************/
  77:Generated_Source\PSoC4/I_REALLY_DONT_CARE_I_JUST_WANT_TO_GIVE_THIS_COMPONENT_THE_LONGEST_NAME_I_CAN_PM.c **** void I_REALLY_DONT_CARE_I_JUST_WANT_TO_GIVE_THIS_COMPONENT_THE_LONGEST_NAME_I_CAN_RestoreConfig(voi
  78:Generated_Source\PSoC4/I_REALLY_DONT_CARE_I_JUST_WANT_TO_GIVE_THIS_COMPONENT_THE_LONGEST_NAME_I_CAN_PM.c **** {   
  64              		.loc 1 78 0
  65              		.cfi_startproc
  66              		@ args = 0, pretend = 0, frame = 0
  67              		@ frame_needed = 0, uses_anonymous_args = 0
  68 0000 10B5     		push	{r4, lr}
  69              		.cfi_def_cfa_offset 8
  70              		.cfi_offset 4, -8
  71              		.cfi_offset 14, -4
  79:Generated_Source\PSoC4/I_REALLY_DONT_CARE_I_JUST_WANT_TO_GIVE_THIS_COMPONENT_THE_LONGEST_NAME_I_CAN_PM.c ****     #if (!I_REALLY_DONT_CARE_I_JUST_WANT_TO_GIVE_THIS_COMPONENT_THE_LONGEST_NAME_I_CAN_UsingFixedFu
  80:Generated_Source\PSoC4/I_REALLY_DONT_CARE_I_JUST_WANT_TO_GIVE_THIS_COMPONENT_THE_LONGEST_NAME_I_CAN_PM.c **** 
  81:Generated_Source\PSoC4/I_REALLY_DONT_CARE_I_JUST_WANT_TO_GIVE_THIS_COMPONENT_THE_LONGEST_NAME_I_CAN_PM.c ****         I_REALLY_DONT_CARE_I_JUST_WANT_TO_GIVE_THIS_COMPONENT_THE_LONGEST_NAME_I_CAN_WriteCounter(I
  72              		.loc 1 81 0
  73 0002 044C     		ldr	r4, .L5
  74 0004 6078     		ldrb	r0, [r4, #1]
  75 0006 FFF7FEFF 		bl	I_REALLY_DONT_CARE_I_JUST_WANT_TO_GIVE_THIS_COMPONENT_THE_LONGEST_NAME_I_CAN_WriteCounter
  76              	.LVL1:
  82:Generated_Source\PSoC4/I_REALLY_DONT_CARE_I_JUST_WANT_TO_GIVE_THIS_COMPONENT_THE_LONGEST_NAME_I_CAN_PM.c ****         I_REALLY_DONT_CARE_I_JUST_WANT_TO_GIVE_THIS_COMPONENT_THE_LONGEST_NAME_I_CAN_STATUS_MASK =I
  77              		.loc 1 82 0
  78 000a A278     		ldrb	r2, [r4, #2]
  79 000c 024B     		ldr	r3, .L5+4
  80 000e 1A70     		strb	r2, [r3]
  83:Generated_Source\PSoC4/I_REALLY_DONT_CARE_I_JUST_WANT_TO_GIVE_THIS_COMPONENT_THE_LONGEST_NAME_I_CAN_PM.c ****         #if (I_REALLY_DONT_CARE_I_JUST_WANT_TO_GIVE_THIS_COMPONENT_THE_LONGEST_NAME_I_CAN_UsingHWCa
  84:Generated_Source\PSoC4/I_REALLY_DONT_CARE_I_JUST_WANT_TO_GIVE_THIS_COMPONENT_THE_LONGEST_NAME_I_CAN_PM.c ****             I_REALLY_DONT_CARE_I_JUST_WANT_TO_GIVE_THIS_COMPONENT_THE_LONGEST_NAME_I_CAN_SetCapture
  85:Generated_Source\PSoC4/I_REALLY_DONT_CARE_I_JUST_WANT_TO_GIVE_THIS_COMPONENT_THE_LONGEST_NAME_I_CAN_PM.c ****         #endif /* Restore Capture counter register*/
  86:Generated_Source\PSoC4/I_REALLY_DONT_CARE_I_JUST_WANT_TO_GIVE_THIS_COMPONENT_THE_LONGEST_NAME_I_CAN_PM.c **** 
  87:Generated_Source\PSoC4/I_REALLY_DONT_CARE_I_JUST_WANT_TO_GIVE_THIS_COMPONENT_THE_LONGEST_NAME_I_CAN_PM.c ****         #if(!I_REALLY_DONT_CARE_I_JUST_WANT_TO_GIVE_THIS_COMPONENT_THE_LONGEST_NAME_I_CAN_UDB_CONTR
  88:Generated_Source\PSoC4/I_REALLY_DONT_CARE_I_JUST_WANT_TO_GIVE_THIS_COMPONENT_THE_LONGEST_NAME_I_CAN_PM.c ****             I_REALLY_DONT_CARE_I_JUST_WANT_TO_GIVE_THIS_COMPONENT_THE_LONGEST_NAME_I_CAN_WriteContr
  89:Generated_Source\PSoC4/I_REALLY_DONT_CARE_I_JUST_WANT_TO_GIVE_THIS_COMPONENT_THE_LONGEST_NAME_I_CAN_PM.c ****         #endif /* Restore the enable state of the Timer component */
  90:Generated_Source\PSoC4/I_REALLY_DONT_CARE_I_JUST_WANT_TO_GIVE_THIS_COMPONENT_THE_LONGEST_NAME_I_CAN_PM.c ****     #endif /* Restore non retention registers in the UDB implementation only */
  91:Generated_Source\PSoC4/I_REALLY_DONT_CARE_I_JUST_WANT_TO_GIVE_THIS_COMPONENT_THE_LONGEST_NAME_I_CAN_PM.c **** }
ARM GAS  C:\Temp\ccjPgQ3i.s 			page 4


  81              		.loc 1 91 0
  82              		@ sp needed
  83 0010 10BD     		pop	{r4, pc}
  84              	.L6:
  85 0012 C046     		.align	2
  86              	.L5:
  87 0014 00000000 		.word	.LANCHOR0
  88 0018 83000F40 		.word	1074724995
  89              		.cfi_endproc
  90              	.LFE1:
  91              		.size	I_REALLY_DONT_CARE_I_JUST_WANT_TO_GIVE_THIS_COMPONENT_THE_LONGEST_NAME_I_CAN_RestoreConfig, 
  92              		.section	.text.I_REALLY_DONT_CARE_I_JUST_WANT_TO_GIVE_THIS_COMPONENT_THE_LONGEST_NAME_I_CAN_Sleep,
  93              		.align	2
  94              		.global	I_REALLY_DONT_CARE_I_JUST_WANT_TO_GIVE_THIS_COMPONENT_THE_LONGEST_NAME_I_CAN_Sleep
  95              		.code	16
  96              		.thumb_func
  97              		.type	I_REALLY_DONT_CARE_I_JUST_WANT_TO_GIVE_THIS_COMPONENT_THE_LONGEST_NAME_I_CAN_Sleep, %functio
  98              	I_REALLY_DONT_CARE_I_JUST_WANT_TO_GIVE_THIS_COMPONENT_THE_LONGEST_NAME_I_CAN_Sleep:
  99              	.LFB2:
  92:Generated_Source\PSoC4/I_REALLY_DONT_CARE_I_JUST_WANT_TO_GIVE_THIS_COMPONENT_THE_LONGEST_NAME_I_CAN_PM.c **** 
  93:Generated_Source\PSoC4/I_REALLY_DONT_CARE_I_JUST_WANT_TO_GIVE_THIS_COMPONENT_THE_LONGEST_NAME_I_CAN_PM.c **** 
  94:Generated_Source\PSoC4/I_REALLY_DONT_CARE_I_JUST_WANT_TO_GIVE_THIS_COMPONENT_THE_LONGEST_NAME_I_CAN_PM.c **** /*******************************************************************************
  95:Generated_Source\PSoC4/I_REALLY_DONT_CARE_I_JUST_WANT_TO_GIVE_THIS_COMPONENT_THE_LONGEST_NAME_I_CAN_PM.c **** * Function Name: I_REALLY_DONT_CARE_I_JUST_WANT_TO_GIVE_THIS_COMPONENT_THE_LONGEST_NAME_I_CAN_Sleep
  96:Generated_Source\PSoC4/I_REALLY_DONT_CARE_I_JUST_WANT_TO_GIVE_THIS_COMPONENT_THE_LONGEST_NAME_I_CAN_PM.c **** ********************************************************************************
  97:Generated_Source\PSoC4/I_REALLY_DONT_CARE_I_JUST_WANT_TO_GIVE_THIS_COMPONENT_THE_LONGEST_NAME_I_CAN_PM.c **** *
  98:Generated_Source\PSoC4/I_REALLY_DONT_CARE_I_JUST_WANT_TO_GIVE_THIS_COMPONENT_THE_LONGEST_NAME_I_CAN_PM.c **** * Summary:
  99:Generated_Source\PSoC4/I_REALLY_DONT_CARE_I_JUST_WANT_TO_GIVE_THIS_COMPONENT_THE_LONGEST_NAME_I_CAN_PM.c **** *     Stop and Save the user configuration
 100:Generated_Source\PSoC4/I_REALLY_DONT_CARE_I_JUST_WANT_TO_GIVE_THIS_COMPONENT_THE_LONGEST_NAME_I_CAN_PM.c **** *
 101:Generated_Source\PSoC4/I_REALLY_DONT_CARE_I_JUST_WANT_TO_GIVE_THIS_COMPONENT_THE_LONGEST_NAME_I_CAN_PM.c **** * Parameters:
 102:Generated_Source\PSoC4/I_REALLY_DONT_CARE_I_JUST_WANT_TO_GIVE_THIS_COMPONENT_THE_LONGEST_NAME_I_CAN_PM.c **** *  void
 103:Generated_Source\PSoC4/I_REALLY_DONT_CARE_I_JUST_WANT_TO_GIVE_THIS_COMPONENT_THE_LONGEST_NAME_I_CAN_PM.c **** *
 104:Generated_Source\PSoC4/I_REALLY_DONT_CARE_I_JUST_WANT_TO_GIVE_THIS_COMPONENT_THE_LONGEST_NAME_I_CAN_PM.c **** * Return:
 105:Generated_Source\PSoC4/I_REALLY_DONT_CARE_I_JUST_WANT_TO_GIVE_THIS_COMPONENT_THE_LONGEST_NAME_I_CAN_PM.c **** *  void
 106:Generated_Source\PSoC4/I_REALLY_DONT_CARE_I_JUST_WANT_TO_GIVE_THIS_COMPONENT_THE_LONGEST_NAME_I_CAN_PM.c **** *
 107:Generated_Source\PSoC4/I_REALLY_DONT_CARE_I_JUST_WANT_TO_GIVE_THIS_COMPONENT_THE_LONGEST_NAME_I_CAN_PM.c **** * Global variables:
 108:Generated_Source\PSoC4/I_REALLY_DONT_CARE_I_JUST_WANT_TO_GIVE_THIS_COMPONENT_THE_LONGEST_NAME_I_CAN_PM.c **** *  I_REALLY_DONT_CARE_I_JUST_WANT_TO_GIVE_THIS_COMPONENT_THE_LONGEST_NAME_I_CAN_backup.TimerEnableS
 109:Generated_Source\PSoC4/I_REALLY_DONT_CARE_I_JUST_WANT_TO_GIVE_THIS_COMPONENT_THE_LONGEST_NAME_I_CAN_PM.c **** *  enable state of the block before entering sleep mode.
 110:Generated_Source\PSoC4/I_REALLY_DONT_CARE_I_JUST_WANT_TO_GIVE_THIS_COMPONENT_THE_LONGEST_NAME_I_CAN_PM.c **** *
 111:Generated_Source\PSoC4/I_REALLY_DONT_CARE_I_JUST_WANT_TO_GIVE_THIS_COMPONENT_THE_LONGEST_NAME_I_CAN_PM.c **** *******************************************************************************/
 112:Generated_Source\PSoC4/I_REALLY_DONT_CARE_I_JUST_WANT_TO_GIVE_THIS_COMPONENT_THE_LONGEST_NAME_I_CAN_PM.c **** void I_REALLY_DONT_CARE_I_JUST_WANT_TO_GIVE_THIS_COMPONENT_THE_LONGEST_NAME_I_CAN_Sleep(void) 
 113:Generated_Source\PSoC4/I_REALLY_DONT_CARE_I_JUST_WANT_TO_GIVE_THIS_COMPONENT_THE_LONGEST_NAME_I_CAN_PM.c **** {
 100              		.loc 1 113 0
 101              		.cfi_startproc
 102              		@ args = 0, pretend = 0, frame = 0
 103              		@ frame_needed = 0, uses_anonymous_args = 0
 104 0000 10B5     		push	{r4, lr}
 105              		.cfi_def_cfa_offset 8
 106              		.cfi_offset 4, -8
 107              		.cfi_offset 14, -4
 114:Generated_Source\PSoC4/I_REALLY_DONT_CARE_I_JUST_WANT_TO_GIVE_THIS_COMPONENT_THE_LONGEST_NAME_I_CAN_PM.c ****     #if(!I_REALLY_DONT_CARE_I_JUST_WANT_TO_GIVE_THIS_COMPONENT_THE_LONGEST_NAME_I_CAN_UDB_CONTROL_R
 115:Generated_Source\PSoC4/I_REALLY_DONT_CARE_I_JUST_WANT_TO_GIVE_THIS_COMPONENT_THE_LONGEST_NAME_I_CAN_PM.c ****         /* Save Counter's enable state */
 116:Generated_Source\PSoC4/I_REALLY_DONT_CARE_I_JUST_WANT_TO_GIVE_THIS_COMPONENT_THE_LONGEST_NAME_I_CAN_PM.c ****         if(I_REALLY_DONT_CARE_I_JUST_WANT_TO_GIVE_THIS_COMPONENT_THE_LONGEST_NAME_I_CAN_CTRL_ENABLE
 117:Generated_Source\PSoC4/I_REALLY_DONT_CARE_I_JUST_WANT_TO_GIVE_THIS_COMPONENT_THE_LONGEST_NAME_I_CAN_PM.c ****         {
 118:Generated_Source\PSoC4/I_REALLY_DONT_CARE_I_JUST_WANT_TO_GIVE_THIS_COMPONENT_THE_LONGEST_NAME_I_CAN_PM.c ****             /* Timer is enabled */
 119:Generated_Source\PSoC4/I_REALLY_DONT_CARE_I_JUST_WANT_TO_GIVE_THIS_COMPONENT_THE_LONGEST_NAME_I_CAN_PM.c ****             I_REALLY_DONT_CARE_I_JUST_WANT_TO_GIVE_THIS_COMPONENT_THE_LONGEST_NAME_I_CAN_backup.Tim
 120:Generated_Source\PSoC4/I_REALLY_DONT_CARE_I_JUST_WANT_TO_GIVE_THIS_COMPONENT_THE_LONGEST_NAME_I_CAN_PM.c ****         }
 121:Generated_Source\PSoC4/I_REALLY_DONT_CARE_I_JUST_WANT_TO_GIVE_THIS_COMPONENT_THE_LONGEST_NAME_I_CAN_PM.c ****         else
ARM GAS  C:\Temp\ccjPgQ3i.s 			page 5


 122:Generated_Source\PSoC4/I_REALLY_DONT_CARE_I_JUST_WANT_TO_GIVE_THIS_COMPONENT_THE_LONGEST_NAME_I_CAN_PM.c ****         {
 123:Generated_Source\PSoC4/I_REALLY_DONT_CARE_I_JUST_WANT_TO_GIVE_THIS_COMPONENT_THE_LONGEST_NAME_I_CAN_PM.c ****             /* Timer is disabled */
 124:Generated_Source\PSoC4/I_REALLY_DONT_CARE_I_JUST_WANT_TO_GIVE_THIS_COMPONENT_THE_LONGEST_NAME_I_CAN_PM.c ****             I_REALLY_DONT_CARE_I_JUST_WANT_TO_GIVE_THIS_COMPONENT_THE_LONGEST_NAME_I_CAN_backup.Tim
 125:Generated_Source\PSoC4/I_REALLY_DONT_CARE_I_JUST_WANT_TO_GIVE_THIS_COMPONENT_THE_LONGEST_NAME_I_CAN_PM.c ****         }
 126:Generated_Source\PSoC4/I_REALLY_DONT_CARE_I_JUST_WANT_TO_GIVE_THIS_COMPONENT_THE_LONGEST_NAME_I_CAN_PM.c ****     #endif /* Back up enable state from the Timer control register */
 127:Generated_Source\PSoC4/I_REALLY_DONT_CARE_I_JUST_WANT_TO_GIVE_THIS_COMPONENT_THE_LONGEST_NAME_I_CAN_PM.c ****     I_REALLY_DONT_CARE_I_JUST_WANT_TO_GIVE_THIS_COMPONENT_THE_LONGEST_NAME_I_CAN_Stop();
 108              		.loc 1 127 0
 109 0002 FFF7FEFF 		bl	I_REALLY_DONT_CARE_I_JUST_WANT_TO_GIVE_THIS_COMPONENT_THE_LONGEST_NAME_I_CAN_Stop
 110              	.LVL2:
 128:Generated_Source\PSoC4/I_REALLY_DONT_CARE_I_JUST_WANT_TO_GIVE_THIS_COMPONENT_THE_LONGEST_NAME_I_CAN_PM.c ****     I_REALLY_DONT_CARE_I_JUST_WANT_TO_GIVE_THIS_COMPONENT_THE_LONGEST_NAME_I_CAN_SaveConfig();
 111              		.loc 1 128 0
 112 0006 FFF7FEFF 		bl	I_REALLY_DONT_CARE_I_JUST_WANT_TO_GIVE_THIS_COMPONENT_THE_LONGEST_NAME_I_CAN_SaveConfig
 113              	.LVL3:
 129:Generated_Source\PSoC4/I_REALLY_DONT_CARE_I_JUST_WANT_TO_GIVE_THIS_COMPONENT_THE_LONGEST_NAME_I_CAN_PM.c **** }
 114              		.loc 1 129 0
 115              		@ sp needed
 116 000a 10BD     		pop	{r4, pc}
 117              		.cfi_endproc
 118              	.LFE2:
 119              		.size	I_REALLY_DONT_CARE_I_JUST_WANT_TO_GIVE_THIS_COMPONENT_THE_LONGEST_NAME_I_CAN_Sleep, .-I_REAL
 120              		.section	.text.I_REALLY_DONT_CARE_I_JUST_WANT_TO_GIVE_THIS_COMPONENT_THE_LONGEST_NAME_I_CAN_Wakeup
 121              		.align	2
 122              		.global	I_REALLY_DONT_CARE_I_JUST_WANT_TO_GIVE_THIS_COMPONENT_THE_LONGEST_NAME_I_CAN_Wakeup
 123              		.code	16
 124              		.thumb_func
 125              		.type	I_REALLY_DONT_CARE_I_JUST_WANT_TO_GIVE_THIS_COMPONENT_THE_LONGEST_NAME_I_CAN_Wakeup, %functi
 126              	I_REALLY_DONT_CARE_I_JUST_WANT_TO_GIVE_THIS_COMPONENT_THE_LONGEST_NAME_I_CAN_Wakeup:
 127              	.LFB3:
 130:Generated_Source\PSoC4/I_REALLY_DONT_CARE_I_JUST_WANT_TO_GIVE_THIS_COMPONENT_THE_LONGEST_NAME_I_CAN_PM.c **** 
 131:Generated_Source\PSoC4/I_REALLY_DONT_CARE_I_JUST_WANT_TO_GIVE_THIS_COMPONENT_THE_LONGEST_NAME_I_CAN_PM.c **** 
 132:Generated_Source\PSoC4/I_REALLY_DONT_CARE_I_JUST_WANT_TO_GIVE_THIS_COMPONENT_THE_LONGEST_NAME_I_CAN_PM.c **** /*******************************************************************************
 133:Generated_Source\PSoC4/I_REALLY_DONT_CARE_I_JUST_WANT_TO_GIVE_THIS_COMPONENT_THE_LONGEST_NAME_I_CAN_PM.c **** * Function Name: I_REALLY_DONT_CARE_I_JUST_WANT_TO_GIVE_THIS_COMPONENT_THE_LONGEST_NAME_I_CAN_Wakeu
 134:Generated_Source\PSoC4/I_REALLY_DONT_CARE_I_JUST_WANT_TO_GIVE_THIS_COMPONENT_THE_LONGEST_NAME_I_CAN_PM.c **** ********************************************************************************
 135:Generated_Source\PSoC4/I_REALLY_DONT_CARE_I_JUST_WANT_TO_GIVE_THIS_COMPONENT_THE_LONGEST_NAME_I_CAN_PM.c **** *
 136:Generated_Source\PSoC4/I_REALLY_DONT_CARE_I_JUST_WANT_TO_GIVE_THIS_COMPONENT_THE_LONGEST_NAME_I_CAN_PM.c **** * Summary:
 137:Generated_Source\PSoC4/I_REALLY_DONT_CARE_I_JUST_WANT_TO_GIVE_THIS_COMPONENT_THE_LONGEST_NAME_I_CAN_PM.c **** *  Restores and enables the user configuration
 138:Generated_Source\PSoC4/I_REALLY_DONT_CARE_I_JUST_WANT_TO_GIVE_THIS_COMPONENT_THE_LONGEST_NAME_I_CAN_PM.c **** *
 139:Generated_Source\PSoC4/I_REALLY_DONT_CARE_I_JUST_WANT_TO_GIVE_THIS_COMPONENT_THE_LONGEST_NAME_I_CAN_PM.c **** * Parameters:
 140:Generated_Source\PSoC4/I_REALLY_DONT_CARE_I_JUST_WANT_TO_GIVE_THIS_COMPONENT_THE_LONGEST_NAME_I_CAN_PM.c **** *  void
 141:Generated_Source\PSoC4/I_REALLY_DONT_CARE_I_JUST_WANT_TO_GIVE_THIS_COMPONENT_THE_LONGEST_NAME_I_CAN_PM.c **** *
 142:Generated_Source\PSoC4/I_REALLY_DONT_CARE_I_JUST_WANT_TO_GIVE_THIS_COMPONENT_THE_LONGEST_NAME_I_CAN_PM.c **** * Return:
 143:Generated_Source\PSoC4/I_REALLY_DONT_CARE_I_JUST_WANT_TO_GIVE_THIS_COMPONENT_THE_LONGEST_NAME_I_CAN_PM.c **** *  void
 144:Generated_Source\PSoC4/I_REALLY_DONT_CARE_I_JUST_WANT_TO_GIVE_THIS_COMPONENT_THE_LONGEST_NAME_I_CAN_PM.c **** *
 145:Generated_Source\PSoC4/I_REALLY_DONT_CARE_I_JUST_WANT_TO_GIVE_THIS_COMPONENT_THE_LONGEST_NAME_I_CAN_PM.c **** * Global variables:
 146:Generated_Source\PSoC4/I_REALLY_DONT_CARE_I_JUST_WANT_TO_GIVE_THIS_COMPONENT_THE_LONGEST_NAME_I_CAN_PM.c **** *  I_REALLY_DONT_CARE_I_JUST_WANT_TO_GIVE_THIS_COMPONENT_THE_LONGEST_NAME_I_CAN_backup.enableState:
 147:Generated_Source\PSoC4/I_REALLY_DONT_CARE_I_JUST_WANT_TO_GIVE_THIS_COMPONENT_THE_LONGEST_NAME_I_CAN_PM.c **** *  block on wakeup from sleep mode.
 148:Generated_Source\PSoC4/I_REALLY_DONT_CARE_I_JUST_WANT_TO_GIVE_THIS_COMPONENT_THE_LONGEST_NAME_I_CAN_PM.c **** *
 149:Generated_Source\PSoC4/I_REALLY_DONT_CARE_I_JUST_WANT_TO_GIVE_THIS_COMPONENT_THE_LONGEST_NAME_I_CAN_PM.c **** *******************************************************************************/
 150:Generated_Source\PSoC4/I_REALLY_DONT_CARE_I_JUST_WANT_TO_GIVE_THIS_COMPONENT_THE_LONGEST_NAME_I_CAN_PM.c **** void I_REALLY_DONT_CARE_I_JUST_WANT_TO_GIVE_THIS_COMPONENT_THE_LONGEST_NAME_I_CAN_Wakeup(void) 
 151:Generated_Source\PSoC4/I_REALLY_DONT_CARE_I_JUST_WANT_TO_GIVE_THIS_COMPONENT_THE_LONGEST_NAME_I_CAN_PM.c **** {
 128              		.loc 1 151 0
 129              		.cfi_startproc
 130              		@ args = 0, pretend = 0, frame = 0
 131              		@ frame_needed = 0, uses_anonymous_args = 0
 132 0000 10B5     		push	{r4, lr}
 133              		.cfi_def_cfa_offset 8
 134              		.cfi_offset 4, -8
ARM GAS  C:\Temp\ccjPgQ3i.s 			page 6


 135              		.cfi_offset 14, -4
 152:Generated_Source\PSoC4/I_REALLY_DONT_CARE_I_JUST_WANT_TO_GIVE_THIS_COMPONENT_THE_LONGEST_NAME_I_CAN_PM.c ****     I_REALLY_DONT_CARE_I_JUST_WANT_TO_GIVE_THIS_COMPONENT_THE_LONGEST_NAME_I_CAN_RestoreConfig();
 136              		.loc 1 152 0
 137 0002 FFF7FEFF 		bl	I_REALLY_DONT_CARE_I_JUST_WANT_TO_GIVE_THIS_COMPONENT_THE_LONGEST_NAME_I_CAN_RestoreConfig
 138              	.LVL4:
 153:Generated_Source\PSoC4/I_REALLY_DONT_CARE_I_JUST_WANT_TO_GIVE_THIS_COMPONENT_THE_LONGEST_NAME_I_CAN_PM.c ****     #if(!I_REALLY_DONT_CARE_I_JUST_WANT_TO_GIVE_THIS_COMPONENT_THE_LONGEST_NAME_I_CAN_UDB_CONTROL_R
 154:Generated_Source\PSoC4/I_REALLY_DONT_CARE_I_JUST_WANT_TO_GIVE_THIS_COMPONENT_THE_LONGEST_NAME_I_CAN_PM.c ****         if(I_REALLY_DONT_CARE_I_JUST_WANT_TO_GIVE_THIS_COMPONENT_THE_LONGEST_NAME_I_CAN_backup.Time
 155:Generated_Source\PSoC4/I_REALLY_DONT_CARE_I_JUST_WANT_TO_GIVE_THIS_COMPONENT_THE_LONGEST_NAME_I_CAN_PM.c ****         {     /* Enable Timer's operation */
 156:Generated_Source\PSoC4/I_REALLY_DONT_CARE_I_JUST_WANT_TO_GIVE_THIS_COMPONENT_THE_LONGEST_NAME_I_CAN_PM.c ****                 I_REALLY_DONT_CARE_I_JUST_WANT_TO_GIVE_THIS_COMPONENT_THE_LONGEST_NAME_I_CAN_Enable
 157:Generated_Source\PSoC4/I_REALLY_DONT_CARE_I_JUST_WANT_TO_GIVE_THIS_COMPONENT_THE_LONGEST_NAME_I_CAN_PM.c ****         } /* Do nothing if Timer was disabled before */
 158:Generated_Source\PSoC4/I_REALLY_DONT_CARE_I_JUST_WANT_TO_GIVE_THIS_COMPONENT_THE_LONGEST_NAME_I_CAN_PM.c ****     #endif /* Remove this code section if Control register is removed */
 159:Generated_Source\PSoC4/I_REALLY_DONT_CARE_I_JUST_WANT_TO_GIVE_THIS_COMPONENT_THE_LONGEST_NAME_I_CAN_PM.c **** }
 139              		.loc 1 159 0
 140              		@ sp needed
 141 0006 10BD     		pop	{r4, pc}
 142              		.cfi_endproc
 143              	.LFE3:
 144              		.size	I_REALLY_DONT_CARE_I_JUST_WANT_TO_GIVE_THIS_COMPONENT_THE_LONGEST_NAME_I_CAN_Wakeup, .-I_REA
 145              		.bss
 146              		.align	2
 147              		.set	.LANCHOR0,. + 0
 148              		.type	I_REALLY_DONT_CARE_I_JUST_WANT_TO_GIVE_THIS_COMPONENT_THE_LONGEST_NAME_I_CAN_backup, %object
 149              		.size	I_REALLY_DONT_CARE_I_JUST_WANT_TO_GIVE_THIS_COMPONENT_THE_LONGEST_NAME_I_CAN_backup, 3
 150              	I_REALLY_DONT_CARE_I_JUST_WANT_TO_GIVE_THIS_COMPONENT_THE_LONGEST_NAME_I_CAN_backup:
 151 0000 000000   		.space	3
 152              		.text
 153              	.Letext0:
 154              		.file 2 "Generated_Source\\PSoC4\\cytypes.h"
 155              		.file 3 "Generated_Source\\PSoC4\\I_REALLY_DONT_CARE_I_JUST_WANT_TO_GIVE_THIS_COMPONENT_THE_LONGES
 156              		.section	.debug_info,"",%progbits
 157              	.Ldebug_info0:
 158 0000 97010000 		.4byte	0x197
 159 0004 0400     		.2byte	0x4
 160 0006 00000000 		.4byte	.Ldebug_abbrev0
 161 000a 04       		.byte	0x4
 162 000b 01       		.uleb128 0x1
 163 000c 98020000 		.4byte	.LASF27
 164 0010 0C       		.byte	0xc
 165 0011 D5000000 		.4byte	.LASF28
 166 0015 44010000 		.4byte	.LASF29
 167 0019 00000000 		.4byte	.Ldebug_ranges0+0
 168 001d 00000000 		.4byte	0
 169 0021 00000000 		.4byte	.Ldebug_line0
 170 0025 02       		.uleb128 0x2
 171 0026 01       		.byte	0x1
 172 0027 06       		.byte	0x6
 173 0028 B7040000 		.4byte	.LASF0
 174 002c 02       		.uleb128 0x2
 175 002d 01       		.byte	0x1
 176 002e 08       		.byte	0x8
 177 002f 8D010000 		.4byte	.LASF1
 178 0033 02       		.uleb128 0x2
 179 0034 02       		.byte	0x2
 180 0035 05       		.byte	0x5
 181 0036 46040000 		.4byte	.LASF2
 182 003a 02       		.uleb128 0x2
 183 003b 02       		.byte	0x2
ARM GAS  C:\Temp\ccjPgQ3i.s 			page 7


 184 003c 07       		.byte	0x7
 185 003d B9000000 		.4byte	.LASF3
 186 0041 02       		.uleb128 0x2
 187 0042 04       		.byte	0x4
 188 0043 05       		.byte	0x5
 189 0044 50040000 		.4byte	.LASF4
 190 0048 02       		.uleb128 0x2
 191 0049 04       		.byte	0x4
 192 004a 07       		.byte	0x7
 193 004b FB010000 		.4byte	.LASF5
 194 004f 02       		.uleb128 0x2
 195 0050 08       		.byte	0x8
 196 0051 05       		.byte	0x5
 197 0052 88030000 		.4byte	.LASF6
 198 0056 02       		.uleb128 0x2
 199 0057 08       		.byte	0x8
 200 0058 07       		.byte	0x7
 201 0059 81020000 		.4byte	.LASF7
 202 005d 03       		.uleb128 0x3
 203 005e 04       		.byte	0x4
 204 005f 05       		.byte	0x5
 205 0060 696E7400 		.ascii	"int\000"
 206 0064 02       		.uleb128 0x2
 207 0065 04       		.byte	0x4
 208 0066 07       		.byte	0x7
 209 0067 74020000 		.4byte	.LASF8
 210 006b 04       		.uleb128 0x4
 211 006c 0D020000 		.4byte	.LASF12
 212 0070 02       		.byte	0x2
 213 0071 E401     		.2byte	0x1e4
 214 0073 2C000000 		.4byte	0x2c
 215 0077 02       		.uleb128 0x2
 216 0078 04       		.byte	0x4
 217 0079 04       		.byte	0x4
 218 007a 3E010000 		.4byte	.LASF9
 219 007e 02       		.uleb128 0x2
 220 007f 08       		.byte	0x8
 221 0080 04       		.byte	0x4
 222 0081 13020000 		.4byte	.LASF10
 223 0085 02       		.uleb128 0x2
 224 0086 01       		.byte	0x1
 225 0087 08       		.byte	0x8
 226 0088 EE030000 		.4byte	.LASF11
 227 008c 04       		.uleb128 0x4
 228 008d 9B010000 		.4byte	.LASF13
 229 0091 02       		.byte	0x2
 230 0092 8E02     		.2byte	0x28e
 231 0094 98000000 		.4byte	0x98
 232 0098 05       		.uleb128 0x5
 233 0099 6B000000 		.4byte	0x6b
 234 009d 02       		.uleb128 0x2
 235 009e 08       		.byte	0x8
 236 009f 04       		.byte	0x4
 237 00a0 AB040000 		.4byte	.LASF14
 238 00a4 02       		.uleb128 0x2
 239 00a5 04       		.byte	0x4
 240 00a6 07       		.byte	0x7
ARM GAS  C:\Temp\ccjPgQ3i.s 			page 8


 241 00a7 7F030000 		.4byte	.LASF15
 242 00ab 06       		.uleb128 0x6
 243 00ac 03       		.byte	0x3
 244 00ad 03       		.byte	0x3
 245 00ae 43       		.byte	0x43
 246 00af D8000000 		.4byte	0xd8
 247 00b3 07       		.uleb128 0x7
 248 00b4 00000000 		.4byte	.LASF16
 249 00b8 03       		.byte	0x3
 250 00b9 45       		.byte	0x45
 251 00ba 6B000000 		.4byte	0x6b
 252 00be 00       		.byte	0
 253 00bf 07       		.uleb128 0x7
 254 00c0 CC000000 		.4byte	.LASF17
 255 00c4 03       		.byte	0x3
 256 00c5 48       		.byte	0x48
 257 00c6 6B000000 		.4byte	0x6b
 258 00ca 01       		.byte	0x1
 259 00cb 07       		.uleb128 0x7
 260 00cc 1D050000 		.4byte	.LASF18
 261 00d0 03       		.byte	0x3
 262 00d1 49       		.byte	0x49
 263 00d2 6B000000 		.4byte	0x6b
 264 00d6 02       		.byte	0x2
 265 00d7 00       		.byte	0
 266 00d8 08       		.uleb128 0x8
 267 00d9 C3040000 		.4byte	.LASF19
 268 00dd 03       		.byte	0x3
 269 00de 53       		.byte	0x53
 270 00df AB000000 		.4byte	0xab
 271 00e3 09       		.uleb128 0x9
 272 00e4 96030000 		.4byte	.LASF20
 273 00e8 01       		.byte	0x1
 274 00e9 2B       		.byte	0x2b
 275 00ea 00000000 		.4byte	.LFB0
 276 00ee 1C000000 		.4byte	.LFE0-.LFB0
 277 00f2 01       		.uleb128 0x1
 278 00f3 9C       		.byte	0x9c
 279 00f4 02010000 		.4byte	0x102
 280 00f8 0A       		.uleb128 0xa
 281 00f9 06000000 		.4byte	.LVL0
 282 00fd 79010000 		.4byte	0x179
 283 0101 00       		.byte	0
 284 0102 09       		.uleb128 0x9
 285 0103 A0010000 		.4byte	.LASF21
 286 0107 01       		.byte	0x1
 287 0108 4D       		.byte	0x4d
 288 0109 00000000 		.4byte	.LFB1
 289 010d 1C000000 		.4byte	.LFE1-.LFB1
 290 0111 01       		.uleb128 0x1
 291 0112 9C       		.byte	0x9c
 292 0113 21010000 		.4byte	0x121
 293 0117 0A       		.uleb128 0xa
 294 0118 0A000000 		.4byte	.LVL1
 295 011c 84010000 		.4byte	0x184
 296 0120 00       		.byte	0
 297 0121 09       		.uleb128 0x9
ARM GAS  C:\Temp\ccjPgQ3i.s 			page 9


 298 0122 F3030000 		.4byte	.LASF22
 299 0126 01       		.byte	0x1
 300 0127 70       		.byte	0x70
 301 0128 00000000 		.4byte	.LFB2
 302 012c 0C000000 		.4byte	.LFE2-.LFB2
 303 0130 01       		.uleb128 0x1
 304 0131 9C       		.byte	0x9c
 305 0132 49010000 		.4byte	0x149
 306 0136 0A       		.uleb128 0xa
 307 0137 06000000 		.4byte	.LVL2
 308 013b 8F010000 		.4byte	0x18f
 309 013f 0A       		.uleb128 0xa
 310 0140 0A000000 		.4byte	.LVL3
 311 0144 E3000000 		.4byte	0xe3
 312 0148 00       		.byte	0
 313 0149 09       		.uleb128 0x9
 314 014a 65000000 		.4byte	.LASF23
 315 014e 01       		.byte	0x1
 316 014f 96       		.byte	0x96
 317 0150 00000000 		.4byte	.LFB3
 318 0154 08000000 		.4byte	.LFE3-.LFB3
 319 0158 01       		.uleb128 0x1
 320 0159 9C       		.byte	0x9c
 321 015a 68010000 		.4byte	0x168
 322 015e 0A       		.uleb128 0xa
 323 015f 06000000 		.4byte	.LVL4
 324 0163 02010000 		.4byte	0x102
 325 0167 00       		.byte	0
 326 0168 0B       		.uleb128 0xb
 327 0169 11000000 		.4byte	.LASF30
 328 016d 01       		.byte	0x1
 329 016e 15       		.byte	0x15
 330 016f D8000000 		.4byte	0xd8
 331 0173 05       		.uleb128 0x5
 332 0174 03       		.byte	0x3
 333 0175 00000000 		.4byte	I_REALLY_DONT_CARE_I_JUST_WANT_TO_GIVE_THIS_COMPONENT_THE_LONGEST_NAME_I_CAN_backup
 334 0179 0C       		.uleb128 0xc
 335 017a 26030000 		.4byte	.LASF24
 336 017e 26030000 		.4byte	.LASF24
 337 0182 03       		.byte	0x3
 338 0183 69       		.byte	0x69
 339 0184 0C       		.uleb128 0xc
 340 0185 1A020000 		.4byte	.LASF25
 341 0189 1A020000 		.4byte	.LASF25
 342 018d 03       		.byte	0x3
 343 018e 6A       		.byte	0x6a
 344 018f 0C       		.uleb128 0xc
 345 0190 59040000 		.4byte	.LASF26
 346 0194 59040000 		.4byte	.LASF26
 347 0198 03       		.byte	0x3
 348 0199 5B       		.byte	0x5b
 349 019a 00       		.byte	0
 350              		.section	.debug_abbrev,"",%progbits
 351              	.Ldebug_abbrev0:
 352 0000 01       		.uleb128 0x1
 353 0001 11       		.uleb128 0x11
 354 0002 01       		.byte	0x1
ARM GAS  C:\Temp\ccjPgQ3i.s 			page 10


 355 0003 25       		.uleb128 0x25
 356 0004 0E       		.uleb128 0xe
 357 0005 13       		.uleb128 0x13
 358 0006 0B       		.uleb128 0xb
 359 0007 03       		.uleb128 0x3
 360 0008 0E       		.uleb128 0xe
 361 0009 1B       		.uleb128 0x1b
 362 000a 0E       		.uleb128 0xe
 363 000b 55       		.uleb128 0x55
 364 000c 17       		.uleb128 0x17
 365 000d 11       		.uleb128 0x11
 366 000e 01       		.uleb128 0x1
 367 000f 10       		.uleb128 0x10
 368 0010 17       		.uleb128 0x17
 369 0011 00       		.byte	0
 370 0012 00       		.byte	0
 371 0013 02       		.uleb128 0x2
 372 0014 24       		.uleb128 0x24
 373 0015 00       		.byte	0
 374 0016 0B       		.uleb128 0xb
 375 0017 0B       		.uleb128 0xb
 376 0018 3E       		.uleb128 0x3e
 377 0019 0B       		.uleb128 0xb
 378 001a 03       		.uleb128 0x3
 379 001b 0E       		.uleb128 0xe
 380 001c 00       		.byte	0
 381 001d 00       		.byte	0
 382 001e 03       		.uleb128 0x3
 383 001f 24       		.uleb128 0x24
 384 0020 00       		.byte	0
 385 0021 0B       		.uleb128 0xb
 386 0022 0B       		.uleb128 0xb
 387 0023 3E       		.uleb128 0x3e
 388 0024 0B       		.uleb128 0xb
 389 0025 03       		.uleb128 0x3
 390 0026 08       		.uleb128 0x8
 391 0027 00       		.byte	0
 392 0028 00       		.byte	0
 393 0029 04       		.uleb128 0x4
 394 002a 16       		.uleb128 0x16
 395 002b 00       		.byte	0
 396 002c 03       		.uleb128 0x3
 397 002d 0E       		.uleb128 0xe
 398 002e 3A       		.uleb128 0x3a
 399 002f 0B       		.uleb128 0xb
 400 0030 3B       		.uleb128 0x3b
 401 0031 05       		.uleb128 0x5
 402 0032 49       		.uleb128 0x49
 403 0033 13       		.uleb128 0x13
 404 0034 00       		.byte	0
 405 0035 00       		.byte	0
 406 0036 05       		.uleb128 0x5
 407 0037 35       		.uleb128 0x35
 408 0038 00       		.byte	0
 409 0039 49       		.uleb128 0x49
 410 003a 13       		.uleb128 0x13
 411 003b 00       		.byte	0
ARM GAS  C:\Temp\ccjPgQ3i.s 			page 11


 412 003c 00       		.byte	0
 413 003d 06       		.uleb128 0x6
 414 003e 13       		.uleb128 0x13
 415 003f 01       		.byte	0x1
 416 0040 0B       		.uleb128 0xb
 417 0041 0B       		.uleb128 0xb
 418 0042 3A       		.uleb128 0x3a
 419 0043 0B       		.uleb128 0xb
 420 0044 3B       		.uleb128 0x3b
 421 0045 0B       		.uleb128 0xb
 422 0046 01       		.uleb128 0x1
 423 0047 13       		.uleb128 0x13
 424 0048 00       		.byte	0
 425 0049 00       		.byte	0
 426 004a 07       		.uleb128 0x7
 427 004b 0D       		.uleb128 0xd
 428 004c 00       		.byte	0
 429 004d 03       		.uleb128 0x3
 430 004e 0E       		.uleb128 0xe
 431 004f 3A       		.uleb128 0x3a
 432 0050 0B       		.uleb128 0xb
 433 0051 3B       		.uleb128 0x3b
 434 0052 0B       		.uleb128 0xb
 435 0053 49       		.uleb128 0x49
 436 0054 13       		.uleb128 0x13
 437 0055 38       		.uleb128 0x38
 438 0056 0B       		.uleb128 0xb
 439 0057 00       		.byte	0
 440 0058 00       		.byte	0
 441 0059 08       		.uleb128 0x8
 442 005a 16       		.uleb128 0x16
 443 005b 00       		.byte	0
 444 005c 03       		.uleb128 0x3
 445 005d 0E       		.uleb128 0xe
 446 005e 3A       		.uleb128 0x3a
 447 005f 0B       		.uleb128 0xb
 448 0060 3B       		.uleb128 0x3b
 449 0061 0B       		.uleb128 0xb
 450 0062 49       		.uleb128 0x49
 451 0063 13       		.uleb128 0x13
 452 0064 00       		.byte	0
 453 0065 00       		.byte	0
 454 0066 09       		.uleb128 0x9
 455 0067 2E       		.uleb128 0x2e
 456 0068 01       		.byte	0x1
 457 0069 3F       		.uleb128 0x3f
 458 006a 19       		.uleb128 0x19
 459 006b 03       		.uleb128 0x3
 460 006c 0E       		.uleb128 0xe
 461 006d 3A       		.uleb128 0x3a
 462 006e 0B       		.uleb128 0xb
 463 006f 3B       		.uleb128 0x3b
 464 0070 0B       		.uleb128 0xb
 465 0071 27       		.uleb128 0x27
 466 0072 19       		.uleb128 0x19
 467 0073 11       		.uleb128 0x11
 468 0074 01       		.uleb128 0x1
ARM GAS  C:\Temp\ccjPgQ3i.s 			page 12


 469 0075 12       		.uleb128 0x12
 470 0076 06       		.uleb128 0x6
 471 0077 40       		.uleb128 0x40
 472 0078 18       		.uleb128 0x18
 473 0079 9742     		.uleb128 0x2117
 474 007b 19       		.uleb128 0x19
 475 007c 01       		.uleb128 0x1
 476 007d 13       		.uleb128 0x13
 477 007e 00       		.byte	0
 478 007f 00       		.byte	0
 479 0080 0A       		.uleb128 0xa
 480 0081 898201   		.uleb128 0x4109
 481 0084 00       		.byte	0
 482 0085 11       		.uleb128 0x11
 483 0086 01       		.uleb128 0x1
 484 0087 31       		.uleb128 0x31
 485 0088 13       		.uleb128 0x13
 486 0089 00       		.byte	0
 487 008a 00       		.byte	0
 488 008b 0B       		.uleb128 0xb
 489 008c 34       		.uleb128 0x34
 490 008d 00       		.byte	0
 491 008e 03       		.uleb128 0x3
 492 008f 0E       		.uleb128 0xe
 493 0090 3A       		.uleb128 0x3a
 494 0091 0B       		.uleb128 0xb
 495 0092 3B       		.uleb128 0x3b
 496 0093 0B       		.uleb128 0xb
 497 0094 49       		.uleb128 0x49
 498 0095 13       		.uleb128 0x13
 499 0096 02       		.uleb128 0x2
 500 0097 18       		.uleb128 0x18
 501 0098 00       		.byte	0
 502 0099 00       		.byte	0
 503 009a 0C       		.uleb128 0xc
 504 009b 2E       		.uleb128 0x2e
 505 009c 00       		.byte	0
 506 009d 3F       		.uleb128 0x3f
 507 009e 19       		.uleb128 0x19
 508 009f 3C       		.uleb128 0x3c
 509 00a0 19       		.uleb128 0x19
 510 00a1 6E       		.uleb128 0x6e
 511 00a2 0E       		.uleb128 0xe
 512 00a3 03       		.uleb128 0x3
 513 00a4 0E       		.uleb128 0xe
 514 00a5 3A       		.uleb128 0x3a
 515 00a6 0B       		.uleb128 0xb
 516 00a7 3B       		.uleb128 0x3b
 517 00a8 0B       		.uleb128 0xb
 518 00a9 00       		.byte	0
 519 00aa 00       		.byte	0
 520 00ab 00       		.byte	0
 521              		.section	.debug_aranges,"",%progbits
 522 0000 34000000 		.4byte	0x34
 523 0004 0200     		.2byte	0x2
 524 0006 00000000 		.4byte	.Ldebug_info0
 525 000a 04       		.byte	0x4
ARM GAS  C:\Temp\ccjPgQ3i.s 			page 13


 526 000b 00       		.byte	0
 527 000c 0000     		.2byte	0
 528 000e 0000     		.2byte	0
 529 0010 00000000 		.4byte	.LFB0
 530 0014 1C000000 		.4byte	.LFE0-.LFB0
 531 0018 00000000 		.4byte	.LFB1
 532 001c 1C000000 		.4byte	.LFE1-.LFB1
 533 0020 00000000 		.4byte	.LFB2
 534 0024 0C000000 		.4byte	.LFE2-.LFB2
 535 0028 00000000 		.4byte	.LFB3
 536 002c 08000000 		.4byte	.LFE3-.LFB3
 537 0030 00000000 		.4byte	0
 538 0034 00000000 		.4byte	0
 539              		.section	.debug_ranges,"",%progbits
 540              	.Ldebug_ranges0:
 541 0000 00000000 		.4byte	.LFB0
 542 0004 1C000000 		.4byte	.LFE0
 543 0008 00000000 		.4byte	.LFB1
 544 000c 1C000000 		.4byte	.LFE1
 545 0010 00000000 		.4byte	.LFB2
 546 0014 0C000000 		.4byte	.LFE2
 547 0018 00000000 		.4byte	.LFB3
 548 001c 08000000 		.4byte	.LFE3
 549 0020 00000000 		.4byte	0
 550 0024 00000000 		.4byte	0
 551              		.section	.debug_line,"",%progbits
 552              	.Ldebug_line0:
 553 0000 34010000 		.section	.debug_str,"MS",%progbits,1
 553      0200DE00 
 553      00000201 
 553      FB0E0D00 
 553      01010101 
 554              	.LASF16:
 555 0000 54696D65 		.ascii	"TimerEnableState\000"
 555      72456E61 
 555      626C6553 
 555      74617465 
 555      00
 556              	.LASF30:
 557 0011 495F5245 		.ascii	"I_REALLY_DONT_CARE_I_JUST_WANT_TO_GIVE_THIS_COMPONE"
 557      414C4C59 
 557      5F444F4E 
 557      545F4341 
 557      52455F49 
 558 0044 4E545F54 		.ascii	"NT_THE_LONGEST_NAME_I_CAN_backup\000"
 558      48455F4C 
 558      4F4E4745 
 558      53545F4E 
 558      414D455F 
 559              	.LASF23:
 560 0065 495F5245 		.ascii	"I_REALLY_DONT_CARE_I_JUST_WANT_TO_GIVE_THIS_COMPONE"
 560      414C4C59 
 560      5F444F4E 
 560      545F4341 
 560      52455F49 
 561 0098 4E545F54 		.ascii	"NT_THE_LONGEST_NAME_I_CAN_Wakeup\000"
 561      48455F4C 
ARM GAS  C:\Temp\ccjPgQ3i.s 			page 14


 561      4F4E4745 
 561      53545F4E 
 561      414D455F 
 562              	.LASF3:
 563 00b9 73686F72 		.ascii	"short unsigned int\000"
 563      7420756E 
 563      7369676E 
 563      65642069 
 563      6E7400
 564              	.LASF17:
 565 00cc 54696D65 		.ascii	"TimerUdb\000"
 565      72556462 
 565      00
 566              	.LASF28:
 567 00d5 47656E65 		.ascii	"Generated_Source\\PSoC4\\I_REALLY_DONT_CARE_I_JUST_"
 567      72617465 
 567      645F536F 
 567      75726365 
 567      5C50536F 
 568 0106 57414E54 		.ascii	"WANT_TO_GIVE_THIS_COMPONENT_THE_LONGEST_NAME_I_CAN_"
 568      5F544F5F 
 568      47495645 
 568      5F544849 
 568      535F434F 
 569 0139 504D2E63 		.ascii	"PM.c\000"
 569      00
 570              	.LASF9:
 571 013e 666C6F61 		.ascii	"float\000"
 571      7400
 572              	.LASF29:
 573 0144 433A5C55 		.ascii	"C:\\Users\\amdev\\Documents\\PSoC Creator\\RC Recei"
 573      73657273 
 573      5C616D64 
 573      65765C44 
 573      6F63756D 
 574 0172 76657220 		.ascii	"ver Checker\\Design01.cydsn\000"
 574      43686563 
 574      6B65725C 
 574      44657369 
 574      676E3031 
 575              	.LASF1:
 576 018d 756E7369 		.ascii	"unsigned char\000"
 576      676E6564 
 576      20636861 
 576      7200
 577              	.LASF13:
 578 019b 72656738 		.ascii	"reg8\000"
 578      00
 579              	.LASF21:
 580 01a0 495F5245 		.ascii	"I_REALLY_DONT_CARE_I_JUST_WANT_TO_GIVE_THIS_COMPONE"
 580      414C4C59 
 580      5F444F4E 
 580      545F4341 
 580      52455F49 
 581 01d3 4E545F54 		.ascii	"NT_THE_LONGEST_NAME_I_CAN_RestoreConfig\000"
 581      48455F4C 
 581      4F4E4745 
ARM GAS  C:\Temp\ccjPgQ3i.s 			page 15


 581      53545F4E 
 581      414D455F 
 582              	.LASF5:
 583 01fb 6C6F6E67 		.ascii	"long unsigned int\000"
 583      20756E73 
 583      69676E65 
 583      6420696E 
 583      7400
 584              	.LASF12:
 585 020d 75696E74 		.ascii	"uint8\000"
 585      3800
 586              	.LASF10:
 587 0213 646F7562 		.ascii	"double\000"
 587      6C6500
 588              	.LASF25:
 589 021a 495F5245 		.ascii	"I_REALLY_DONT_CARE_I_JUST_WANT_TO_GIVE_THIS_COMPONE"
 589      414C4C59 
 589      5F444F4E 
 589      545F4341 
 589      52455F49 
 590 024d 4E545F54 		.ascii	"NT_THE_LONGEST_NAME_I_CAN_WriteCounter\000"
 590      48455F4C 
 590      4F4E4745 
 590      53545F4E 
 590      414D455F 
 591              	.LASF8:
 592 0274 756E7369 		.ascii	"unsigned int\000"
 592      676E6564 
 592      20696E74 
 592      00
 593              	.LASF7:
 594 0281 6C6F6E67 		.ascii	"long long unsigned int\000"
 594      206C6F6E 
 594      6720756E 
 594      7369676E 
 594      65642069 
 595              	.LASF27:
 596 0298 474E5520 		.ascii	"GNU C11 5.4.1 20160609 (release) [ARM/embedded-5-br"
 596      43313120 
 596      352E342E 
 596      31203230 
 596      31363036 
 597 02cb 616E6368 		.ascii	"anch revision 237715] -mcpu=cortex-m0 -mthumb -g -O"
 597      20726576 
 597      6973696F 
 597      6E203233 
 597      37373135 
 598 02fe 67202D66 		.ascii	"g -ffunction-sections -ffat-lto-objects\000"
 598      66756E63 
 598      74696F6E 
 598      2D736563 
 598      74696F6E 
 599              	.LASF24:
 600 0326 495F5245 		.ascii	"I_REALLY_DONT_CARE_I_JUST_WANT_TO_GIVE_THIS_COMPONE"
 600      414C4C59 
 600      5F444F4E 
 600      545F4341 
ARM GAS  C:\Temp\ccjPgQ3i.s 			page 16


 600      52455F49 
 601 0359 4E545F54 		.ascii	"NT_THE_LONGEST_NAME_I_CAN_ReadCounter\000"
 601      48455F4C 
 601      4F4E4745 
 601      53545F4E 
 601      414D455F 
 602              	.LASF15:
 603 037f 73697A65 		.ascii	"sizetype\000"
 603      74797065 
 603      00
 604              	.LASF6:
 605 0388 6C6F6E67 		.ascii	"long long int\000"
 605      206C6F6E 
 605      6720696E 
 605      7400
 606              	.LASF20:
 607 0396 495F5245 		.ascii	"I_REALLY_DONT_CARE_I_JUST_WANT_TO_GIVE_THIS_COMPONE"
 607      414C4C59 
 607      5F444F4E 
 607      545F4341 
 607      52455F49 
 608 03c9 4E545F54 		.ascii	"NT_THE_LONGEST_NAME_I_CAN_SaveConfig\000"
 608      48455F4C 
 608      4F4E4745 
 608      53545F4E 
 608      414D455F 
 609              	.LASF11:
 610 03ee 63686172 		.ascii	"char\000"
 610      00
 611              	.LASF22:
 612 03f3 495F5245 		.ascii	"I_REALLY_DONT_CARE_I_JUST_WANT_TO_GIVE_THIS_COMPONE"
 612      414C4C59 
 612      5F444F4E 
 612      545F4341 
 612      52455F49 
 613 0426 4E545F54 		.ascii	"NT_THE_LONGEST_NAME_I_CAN_Sleep\000"
 613      48455F4C 
 613      4F4E4745 
 613      53545F4E 
 613      414D455F 
 614              	.LASF2:
 615 0446 73686F72 		.ascii	"short int\000"
 615      7420696E 
 615      7400
 616              	.LASF4:
 617 0450 6C6F6E67 		.ascii	"long int\000"
 617      20696E74 
 617      00
 618              	.LASF26:
 619 0459 495F5245 		.ascii	"I_REALLY_DONT_CARE_I_JUST_WANT_TO_GIVE_THIS_COMPONE"
 619      414C4C59 
 619      5F444F4E 
 619      545F4341 
 619      52455F49 
 620 048c 4E545F54 		.ascii	"NT_THE_LONGEST_NAME_I_CAN_Stop\000"
 620      48455F4C 
 620      4F4E4745 
ARM GAS  C:\Temp\ccjPgQ3i.s 			page 17


 620      53545F4E 
 620      414D455F 
 621              	.LASF14:
 622 04ab 6C6F6E67 		.ascii	"long double\000"
 622      20646F75 
 622      626C6500 
 623              	.LASF0:
 624 04b7 7369676E 		.ascii	"signed char\000"
 624      65642063 
 624      68617200 
 625              	.LASF19:
 626 04c3 495F5245 		.ascii	"I_REALLY_DONT_CARE_I_JUST_WANT_TO_GIVE_THIS_COMPONE"
 626      414C4C59 
 626      5F444F4E 
 626      545F4341 
 626      52455F49 
 627 04f6 4E545F54 		.ascii	"NT_THE_LONGEST_NAME_I_CAN_backupStruct\000"
 627      48455F4C 
 627      4F4E4745 
 627      53545F4E 
 627      414D455F 
 628              	.LASF18:
 629 051d 496E7465 		.ascii	"InterruptMaskValue\000"
 629      72727570 
 629      744D6173 
 629      6B56616C 
 629      756500
 630              		.ident	"GCC: (GNU Tools for ARM Embedded Processors) 5.4.1 20160609 (release) [ARM/embedded-5-bran
